<?xml version="1.0" encoding="UTF-8" standalone="no"?>
<!DOCTYPE log SYSTEM "logger.dtd">
<log>
<record>
  <date>2021-09-07T13:28:54</date>
  <millis>1630996134639</millis>
  <sequence>0</sequence>
  <level>START</level>
  <class>com.kms.katalon.core.logging.XmlKeywordLogger</class>
  <method>startSuite</method>
  <thread>1</thread>
  <message>Start Test Suite : Test Suites/Coba</message>
  <nestedLevel>0</nestedLevel>
  <property name="name">Coba</property>
  <property name="description"></property>
  <property name="id">Test Suites/Coba</property>
</record>
<record>
  <date>2021-09-07T13:28:54</date>
  <millis>1630996134667</millis>
  <sequence>1</sequence>
  <level>RUN_DATA</level>
  <class>com.kms.katalon.core.logging.XmlKeywordLogger</class>
  <method>logMessage</method>
  <thread>1</thread>
  <message>hostName = deavag - localhost</message>
  <nestedLevel>0</nestedLevel>
  <property name="hostName">deavag - localhost</property>
</record>
<record>
  <date>2021-09-07T13:28:54</date>
  <millis>1630996134668</millis>
  <sequence>2</sequence>
  <level>RUN_DATA</level>
  <class>com.kms.katalon.core.logging.XmlKeywordLogger</class>
  <method>logMessage</method>
  <thread>1</thread>
  <message>os = Mac OS X 64bit</message>
  <nestedLevel>0</nestedLevel>
  <property name="os">Mac OS X 64bit</property>
</record>
<record>
  <date>2021-09-07T13:28:54</date>
  <millis>1630996134668</millis>
  <sequence>3</sequence>
  <level>RUN_DATA</level>
  <class>com.kms.katalon.core.logging.XmlKeywordLogger</class>
  <method>logMessage</method>
  <thread>1</thread>
  <message>hostAddress = 127.0.0.1</message>
  <nestedLevel>0</nestedLevel>
  <property name="hostAddress">127.0.0.1</property>
</record>
<record>
  <date>2021-09-07T13:28:54</date>
  <millis>1630996134675</millis>
  <sequence>4</sequence>
  <level>RUN_DATA</level>
  <class>com.kms.katalon.core.logging.XmlKeywordLogger</class>
  <method>logMessage</method>
  <thread>1</thread>
  <message>katalonVersion = 7.5.11.1</message>
  <nestedLevel>0</nestedLevel>
  <property name="katalonVersion">7.5.11.1</property>
</record>
<record>
  <date>2021-09-07T13:28:54</date>
  <millis>1630996134680</millis>
  <sequence>5</sequence>
  <level>START</level>
  <class>com.kms.katalon.core.logging.XmlKeywordLogger</class>
  <method>startKeyword</method>
  <thread>1</thread>
  <message>Start listener action : beforeExportKatalonReports</message>
  <nestedLevel>0</nestedLevel>
</record>
<record>
  <date>2021-09-07T13:28:54</date>
  <millis>1630996134687</millis>
  <sequence>7</sequence>
  <level>INFO</level>
  <class>com.kms.katalon.core.logging.XmlKeywordLogger</class>
  <method>logMessage</method>
  <thread>1</thread>
  <message>This Katalon Studio version has been deprecated. Please upgrade Katalon Studio to the latest version.</message>
  <nestedLevel>0</nestedLevel>
</record>
<record>
  <date>2021-09-07T13:28:54</date>
  <millis>1630996134687</millis>
  <sequence>9</sequence>
  <level>END</level>
  <class>com.kms.katalon.core.logging.XmlKeywordLogger</class>
  <method>endKeyword</method>
  <thread>1</thread>
  <message>End listener action : beforeExportKatalonReports</message>
  <nestedLevel>0</nestedLevel>
</record>
<record>
  <date>2021-09-07T13:28:54</date>
  <millis>1630996134884</millis>
  <sequence>10</sequence>
  <level>START</level>
  <class>com.kms.katalon.core.logging.XmlKeywordLogger</class>
  <method>startTest</method>
  <thread>1</thread>
  <message>Start Test Case : Test Cases/AgreeFA/Login/Login_Positive</message>
  <nestedLevel>1</nestedLevel>
  <property name="name">Test Cases/AgreeFA/Login/Login_Positive</property>
  <property name="description"></property>
  <property name="id">Test Cases/AgreeFA/Login/Login_Positive</property>
  <property name="source">\\Users\\deavag\\Desktop\\AgreeMitra\\Test Cases\\AgreeFA\\Login\\Login_Positive.tc</property>
  <property name="tag"></property>
  <property name="isOptional">false</property>
</record>
<record>
  <date>2021-09-07T13:28:55</date>
  <millis>1630996135163</millis>
  <sequence>12</sequence>
  <level>START</level>
  <class>com.kms.katalon.core.logging.XmlKeywordLogger</class>
  <method>startKeyword</method>
  <thread>1</thread>
  <message>Start action : startApplication(Path3, true)</message>
  <nestedLevel>1</nestedLevel>
  <property name="startLine">16</property>
  <property name="stepIndex">1</property>
</record>
<record>
  <date>2021-09-07T13:28:55</date>
  <millis>1630996135510</millis>
  <sequence>14</sequence>
  <level>INFO</level>
  <class>com.kms.katalon.core.logging.XmlKeywordLogger</class>
  <method>logMessage</method>
  <thread>1</thread>
  <message>User set preference: [&amp;apos;deviceId&amp;apos;, &amp;apos;emulator-5554&amp;apos;]</message>
  <nestedLevel>1</nestedLevel>
</record>
<record>
  <date>2021-09-07T13:28:56</date>
  <millis>1630996136941</millis>
  <sequence>15</sequence>
  <level>INFO</level>
  <class>com.kms.katalon.core.logging.XmlKeywordLogger</class>
  <method>logMessage</method>
  <thread>1</thread>
  <message>Appium server started on port 55,624</message>
  <nestedLevel>1</nestedLevel>
</record>
<record>
  <date>2021-09-07T13:29:11</date>
  <millis>1630996151947</millis>
  <sequence>17</sequence>
  <level>RUN_DATA</level>
  <class>com.kms.katalon.core.logging.XmlKeywordLogger</class>
  <method>logMessage</method>
  <thread>1</thread>
  <message>appiumVersion = 1.18.3</message>
  <nestedLevel>1</nestedLevel>
  <property name="appiumVersion">1.18.3</property>
</record>
<record>
  <date>2021-09-07T13:29:11</date>
  <millis>1630996151949</millis>
  <sequence>18</sequence>
  <level>RUN_DATA</level>
  <class>com.kms.katalon.core.logging.XmlKeywordLogger</class>
  <method>logMessage</method>
  <thread>1</thread>
  <message>appiumServerStatus = {\&amp;quot;value\&amp;quot;:{\&amp;quot;build\&amp;quot;:{\&amp;quot;version\&amp;quot;:\&amp;quot;1.18.3\&amp;quot;}},\&amp;quot;sessionId\&amp;quot;:null,\&amp;quot;status\&amp;quot;:0}</message>
  <nestedLevel>1</nestedLevel>
  <property name="appiumServerStatus">{\&quot;value\&quot;:{\&quot;build\&quot;:{\&quot;version\&quot;:\&quot;1.18.3\&quot;}},\&quot;sessionId\&quot;:null,\&quot;status\&quot;:0}</property>
</record>
<record>
  <date>2021-09-07T13:29:11</date>
  <millis>1630996151962</millis>
  <sequence>19</sequence>
  <level>RUN_DATA</level>
  <class>com.kms.katalon.core.logging.XmlKeywordLogger</class>
  <method>logMessage</method>
  <thread>1</thread>
  <message>deviceId = emulator-5554</message>
  <nestedLevel>1</nestedLevel>
  <property name="deviceId">emulator-5554</property>
</record>
<record>
  <date>2021-09-07T13:29:11</date>
  <millis>1630996151962</millis>
  <sequence>20</sequence>
  <level>RUN_DATA</level>
  <class>com.kms.katalon.core.logging.XmlKeywordLogger</class>
  <method>logMessage</method>
  <thread>1</thread>
  <message>deviceName = emulator-5554 (Android SDK built for x86 - Android 8.1.0)</message>
  <nestedLevel>1</nestedLevel>
  <property name="deviceName">emulator-5554 (Android SDK built for x86 - Android 8.1.0)</property>
</record>
<record>
  <date>2021-09-07T13:29:11</date>
  <millis>1630996151963</millis>
  <sequence>21</sequence>
  <level>RUN_DATA</level>
  <class>com.kms.katalon.core.logging.XmlKeywordLogger</class>
  <method>logMessage</method>
  <thread>1</thread>
  <message>deviceModel = Android SDK built for x86</message>
  <nestedLevel>1</nestedLevel>
  <property name="deviceModel">Android SDK built for x86</property>
</record>
<record>
  <date>2021-09-07T13:29:11</date>
  <millis>1630996151965</millis>
  <sequence>22</sequence>
  <level>RUN_DATA</level>
  <class>com.kms.katalon.core.logging.XmlKeywordLogger</class>
  <method>logMessage</method>
  <thread>1</thread>
  <message>deviceManufacturer = Google</message>
  <nestedLevel>1</nestedLevel>
  <property name="deviceManufacturer">Google</property>
</record>
<record>
  <date>2021-09-07T13:29:11</date>
  <millis>1630996151966</millis>
  <sequence>23</sequence>
  <level>RUN_DATA</level>
  <class>com.kms.katalon.core.logging.XmlKeywordLogger</class>
  <method>logMessage</method>
  <thread>1</thread>
  <message>deviceOS = Android</message>
  <nestedLevel>1</nestedLevel>
  <property name="deviceOS">Android</property>
</record>
<record>
  <date>2021-09-07T13:29:11</date>
  <millis>1630996151966</millis>
  <sequence>24</sequence>
  <level>RUN_DATA</level>
  <class>com.kms.katalon.core.logging.XmlKeywordLogger</class>
  <method>logMessage</method>
  <thread>1</thread>
  <message>deviceOSVersion = 8.1.0</message>
  <nestedLevel>1</nestedLevel>
  <property name="deviceOSVersion">8.1.0</property>
</record>
<record>
  <date>2021-09-07T13:29:11</date>
  <millis>1630996151971</millis>
  <sequence>25</sequence>
  <level>PASSED</level>
  <class>com.kms.katalon.core.logging.XmlKeywordLogger</class>
  <method>logMessage</method>
  <thread>1</thread>
  <message>Started app at: &amp;apos;/Users/deavag/Downloads/agree-logtan-mobile-surveyor-1.22.6-develop.apk&amp;apos;</message>
  <nestedLevel>1</nestedLevel>
</record>
<record>
  <date>2021-09-07T13:29:11</date>
  <millis>1630996151971</millis>
  <sequence>26</sequence>
  <level>END</level>
  <class>com.kms.katalon.core.logging.XmlKeywordLogger</class>
  <method>endKeyword</method>
  <thread>1</thread>
  <message>End action : startApplication(Path3, true)</message>
  <nestedLevel>1</nestedLevel>
</record>
<record>
  <date>2021-09-07T13:29:11</date>
  <millis>1630996151972</millis>
  <sequence>27</sequence>
  <level>START</level>
  <class>com.kms.katalon.core.logging.XmlKeywordLogger</class>
  <method>startKeyword</method>
  <thread>1</thread>
  <message>Start action : verifyElementExist(findTestObject(\&amp;quot;AgreeFA/Login/Username_TextField\&amp;quot;), 0)</message>
  <nestedLevel>1</nestedLevel>
  <property name="startLine">21</property>
  <property name="stepIndex">2</property>
</record>
<record>
  <date>2021-09-07T13:29:12</date>
  <millis>1630996152069</millis>
  <sequence>31</sequence>
  <level>WARNING</level>
  <class>com.kms.katalon.core.logging.XmlKeywordLogger</class>
  <method>logMessage</method>
  <thread>1</thread>
  <message>Timeout &amp;apos;0&amp;apos; is invalid. Using default page load timeout: &amp;apos;30&amp;apos;</message>
  <nestedLevel>1</nestedLevel>
</record>
<record>
  <date>2021-09-07T13:29:15</date>
  <millis>1630996155402</millis>
  <sequence>32</sequence>
  <level>PASSED</level>
  <class>com.kms.katalon.core.logging.XmlKeywordLogger</class>
  <method>logMessage</method>
  <thread>1</thread>
  <message>Element &amp;apos;Object Repository/AgreeFA/Login/Username_TextField&amp;apos; is exist</message>
  <nestedLevel>1</nestedLevel>
</record>
<record>
  <date>2021-09-07T13:29:15</date>
  <millis>1630996155402</millis>
  <sequence>33</sequence>
  <level>END</level>
  <class>com.kms.katalon.core.logging.XmlKeywordLogger</class>
  <method>endKeyword</method>
  <thread>1</thread>
  <message>End action : verifyElementExist(findTestObject(\&amp;quot;AgreeFA/Login/Username_TextField\&amp;quot;), 0)</message>
  <nestedLevel>1</nestedLevel>
</record>
<record>
  <date>2021-09-07T13:29:15</date>
  <millis>1630996155403</millis>
  <sequence>34</sequence>
  <level>START</level>
  <class>com.kms.katalon.core.logging.XmlKeywordLogger</class>
  <method>startKeyword</method>
  <thread>1</thread>
  <message>Start action : verifyElementExist(findTestObject(\&amp;quot;AgreeFA/Login/Password_TextField\&amp;quot;), 0)</message>
  <nestedLevel>1</nestedLevel>
  <property name="startLine">23</property>
  <property name="stepIndex">3</property>
</record>
<record>
  <date>2021-09-07T13:29:15</date>
  <millis>1630996155435</millis>
  <sequence>38</sequence>
  <level>WARNING</level>
  <class>com.kms.katalon.core.logging.XmlKeywordLogger</class>
  <method>logMessage</method>
  <thread>1</thread>
  <message>Timeout &amp;apos;0&amp;apos; is invalid. Using default page load timeout: &amp;apos;30&amp;apos;</message>
  <nestedLevel>1</nestedLevel>
</record>
<record>
  <date>2021-09-07T13:29:15</date>
  <millis>1630996155588</millis>
  <sequence>39</sequence>
  <level>PASSED</level>
  <class>com.kms.katalon.core.logging.XmlKeywordLogger</class>
  <method>logMessage</method>
  <thread>1</thread>
  <message>Element &amp;apos;Object Repository/AgreeFA/Login/Password_TextField&amp;apos; is exist</message>
  <nestedLevel>1</nestedLevel>
</record>
<record>
  <date>2021-09-07T13:29:15</date>
  <millis>1630996155589</millis>
  <sequence>40</sequence>
  <level>END</level>
  <class>com.kms.katalon.core.logging.XmlKeywordLogger</class>
  <method>endKeyword</method>
  <thread>1</thread>
  <message>End action : verifyElementExist(findTestObject(\&amp;quot;AgreeFA/Login/Password_TextField\&amp;quot;), 0)</message>
  <nestedLevel>1</nestedLevel>
</record>
<record>
  <date>2021-09-07T13:29:15</date>
  <millis>1630996155589</millis>
  <sequence>41</sequence>
  <level>START</level>
  <class>com.kms.katalon.core.logging.XmlKeywordLogger</class>
  <method>startKeyword</method>
  <thread>1</thread>
  <message>Start action : verifyElementExist(findTestObject(\&amp;quot;AgreeFA/Login/Masuk_Button\&amp;quot;), 0)</message>
  <nestedLevel>1</nestedLevel>
  <property name="startLine">25</property>
  <property name="stepIndex">4</property>
</record>
<record>
  <date>2021-09-07T13:29:15</date>
  <millis>1630996155615</millis>
  <sequence>45</sequence>
  <level>WARNING</level>
  <class>com.kms.katalon.core.logging.XmlKeywordLogger</class>
  <method>logMessage</method>
  <thread>1</thread>
  <message>Timeout &amp;apos;0&amp;apos; is invalid. Using default page load timeout: &amp;apos;30&amp;apos;</message>
  <nestedLevel>1</nestedLevel>
</record>
<record>
  <date>2021-09-07T13:29:15</date>
  <millis>1630996155737</millis>
  <sequence>46</sequence>
  <level>PASSED</level>
  <class>com.kms.katalon.core.logging.XmlKeywordLogger</class>
  <method>logMessage</method>
  <thread>1</thread>
  <message>Element &amp;apos;Object Repository/AgreeFA/Login/Masuk_Button&amp;apos; is exist</message>
  <nestedLevel>1</nestedLevel>
</record>
<record>
  <date>2021-09-07T13:29:15</date>
  <millis>1630996155738</millis>
  <sequence>47</sequence>
  <level>END</level>
  <class>com.kms.katalon.core.logging.XmlKeywordLogger</class>
  <method>endKeyword</method>
  <thread>1</thread>
  <message>End action : verifyElementExist(findTestObject(\&amp;quot;AgreeFA/Login/Masuk_Button\&amp;quot;), 0)</message>
  <nestedLevel>1</nestedLevel>
</record>
<record>
  <date>2021-09-07T13:29:15</date>
  <millis>1630996155738</millis>
  <sequence>48</sequence>
  <level>START</level>
  <class>com.kms.katalon.core.logging.XmlKeywordLogger</class>
  <method>startKeyword</method>
  <thread>1</thread>
  <message>Start action : setText(findTestObject(\&amp;quot;AgreeFA/Login/Username_TextField\&amp;quot;), \&amp;quot;Haris001@amsen.id\&amp;quot;, 0)</message>
  <nestedLevel>1</nestedLevel>
  <property name="startLine">27</property>
  <property name="stepIndex">5</property>
</record>
<record>
  <date>2021-09-07T13:29:15</date>
  <millis>1630996155762</millis>
  <sequence>52</sequence>
  <level>WARNING</level>
  <class>com.kms.katalon.core.logging.XmlKeywordLogger</class>
  <method>logMessage</method>
  <thread>1</thread>
  <message>Timeout &amp;apos;0&amp;apos; is invalid. Using default page load timeout: &amp;apos;30&amp;apos;</message>
  <nestedLevel>1</nestedLevel>
</record>
<record>
  <date>2021-09-07T13:29:16</date>
  <millis>1630996156434</millis>
  <sequence>53</sequence>
  <level>PASSED</level>
  <class>com.kms.katalon.core.logging.XmlKeywordLogger</class>
  <method>logMessage</method>
  <thread>1</thread>
  <message>Text &amp;apos;Haris001@amsen.id&amp;apos; has been set to element &amp;apos;Object Repository/AgreeFA/Login/Username_TextField&amp;apos;</message>
  <nestedLevel>1</nestedLevel>
</record>
<record>
  <date>2021-09-07T13:29:16</date>
  <millis>1630996156436</millis>
  <sequence>54</sequence>
  <level>END</level>
  <class>com.kms.katalon.core.logging.XmlKeywordLogger</class>
  <method>endKeyword</method>
  <thread>1</thread>
  <message>End action : setText(findTestObject(\&amp;quot;AgreeFA/Login/Username_TextField\&amp;quot;), \&amp;quot;Haris001@amsen.id\&amp;quot;, 0)</message>
  <nestedLevel>1</nestedLevel>
</record>
<record>
  <date>2021-09-07T13:29:16</date>
  <millis>1630996156436</millis>
  <sequence>55</sequence>
  <level>START</level>
  <class>com.kms.katalon.core.logging.XmlKeywordLogger</class>
  <method>startKeyword</method>
  <thread>1</thread>
  <message>Start action : setText(findTestObject(\&amp;quot;AgreeFA/Login/Password_TextField\&amp;quot;), \&amp;quot;password\&amp;quot;, 0)</message>
  <nestedLevel>1</nestedLevel>
  <property name="startLine">29</property>
  <property name="stepIndex">6</property>
</record>
<record>
  <date>2021-09-07T13:29:16</date>
  <millis>1630996156478</millis>
  <sequence>59</sequence>
  <level>WARNING</level>
  <class>com.kms.katalon.core.logging.XmlKeywordLogger</class>
  <method>logMessage</method>
  <thread>1</thread>
  <message>Timeout &amp;apos;0&amp;apos; is invalid. Using default page load timeout: &amp;apos;30&amp;apos;</message>
  <nestedLevel>1</nestedLevel>
</record>
<record>
  <date>2021-09-07T13:29:17</date>
  <millis>1630996157511</millis>
  <sequence>60</sequence>
  <level>PASSED</level>
  <class>com.kms.katalon.core.logging.XmlKeywordLogger</class>
  <method>logMessage</method>
  <thread>1</thread>
  <message>Text &amp;apos;password&amp;apos; has been set to element &amp;apos;Object Repository/AgreeFA/Login/Password_TextField&amp;apos;</message>
  <nestedLevel>1</nestedLevel>
</record>
<record>
  <date>2021-09-07T13:29:17</date>
  <millis>1630996157511</millis>
  <sequence>61</sequence>
  <level>END</level>
  <class>com.kms.katalon.core.logging.XmlKeywordLogger</class>
  <method>endKeyword</method>
  <thread>1</thread>
  <message>End action : setText(findTestObject(\&amp;quot;AgreeFA/Login/Password_TextField\&amp;quot;), \&amp;quot;password\&amp;quot;, 0)</message>
  <nestedLevel>1</nestedLevel>
</record>
<record>
  <date>2021-09-07T13:29:17</date>
  <millis>1630996157512</millis>
  <sequence>62</sequence>
  <level>START</level>
  <class>com.kms.katalon.core.logging.XmlKeywordLogger</class>
  <method>startKeyword</method>
  <thread>1</thread>
  <message>Start action : tap(findTestObject(\&amp;quot;AgreeFA/Login/Masuk_Button\&amp;quot;), 0)</message>
  <nestedLevel>1</nestedLevel>
  <property name="startLine">31</property>
  <property name="stepIndex">7</property>
</record>
<record>
  <date>2021-09-07T13:29:17</date>
  <millis>1630996157575</millis>
  <sequence>66</sequence>
  <level>WARNING</level>
  <class>com.kms.katalon.core.logging.XmlKeywordLogger</class>
  <method>logMessage</method>
  <thread>1</thread>
  <message>Timeout &amp;apos;0&amp;apos; is invalid. Using default page load timeout: &amp;apos;30&amp;apos;</message>
  <nestedLevel>1</nestedLevel>
</record>
<record>
  <date>2021-09-07T13:29:18</date>
  <millis>1630996158229</millis>
  <sequence>67</sequence>
  <level>PASSED</level>
  <class>com.kms.katalon.core.logging.XmlKeywordLogger</class>
  <method>logMessage</method>
  <thread>1</thread>
  <message>Tapped on element &amp;apos;Object Repository/AgreeFA/Login/Masuk_Button&amp;apos;</message>
  <nestedLevel>1</nestedLevel>
</record>
<record>
  <date>2021-09-07T13:29:18</date>
  <millis>1630996158229</millis>
  <sequence>68</sequence>
  <level>END</level>
  <class>com.kms.katalon.core.logging.XmlKeywordLogger</class>
  <method>endKeyword</method>
  <thread>1</thread>
  <message>End action : tap(findTestObject(\&amp;quot;AgreeFA/Login/Masuk_Button\&amp;quot;), 0)</message>
  <nestedLevel>1</nestedLevel>
</record>
<record>
  <date>2021-09-07T13:29:18</date>
  <millis>1630996158230</millis>
  <sequence>69</sequence>
  <level>START</level>
  <class>com.kms.katalon.core.logging.XmlKeywordLogger</class>
  <method>startKeyword</method>
  <thread>1</thread>
  <message>Start action : hideKeyboard()</message>
  <nestedLevel>1</nestedLevel>
  <property name="startLine">33</property>
  <property name="stepIndex">8</property>
</record>
<record>
  <date>2021-09-07T13:29:18</date>
  <millis>1630996158490</millis>
  <sequence>70</sequence>
  <level>PASSED</level>
  <class>com.kms.katalon.core.logging.XmlKeywordLogger</class>
  <method>logMessage</method>
  <thread>1</thread>
  <message>Keyboard is hidden</message>
  <nestedLevel>1</nestedLevel>
</record>
<record>
  <date>2021-09-07T13:29:18</date>
  <millis>1630996158495</millis>
  <sequence>71</sequence>
  <level>END</level>
  <class>com.kms.katalon.core.logging.XmlKeywordLogger</class>
  <method>endKeyword</method>
  <thread>1</thread>
  <message>End action : hideKeyboard()</message>
  <nestedLevel>1</nestedLevel>
</record>
<record>
  <date>2021-09-07T13:29:18</date>
  <millis>1630996158496</millis>
  <sequence>72</sequence>
  <level>START</level>
  <class>com.kms.katalon.core.logging.XmlKeywordLogger</class>
  <method>startKeyword</method>
  <thread>1</thread>
  <message>Start action : delay(2)</message>
  <nestedLevel>1</nestedLevel>
  <property name="startLine">35</property>
  <property name="stepIndex">9</property>
</record>
<record>
  <date>2021-09-07T13:29:20</date>
  <millis>1630996160517</millis>
  <sequence>74</sequence>
  <level>PASSED</level>
  <class>com.kms.katalon.core.logging.XmlKeywordLogger</class>
  <method>logMessage</method>
  <thread>1</thread>
  <message>Delayed 2 second(s)</message>
  <nestedLevel>1</nestedLevel>
</record>
<record>
  <date>2021-09-07T13:29:20</date>
  <millis>1630996160519</millis>
  <sequence>75</sequence>
  <level>END</level>
  <class>com.kms.katalon.core.logging.XmlKeywordLogger</class>
  <method>endKeyword</method>
  <thread>1</thread>
  <message>End action : delay(2)</message>
  <nestedLevel>1</nestedLevel>
</record>
<record>
  <date>2021-09-07T13:29:20</date>
  <millis>1630996160519</millis>
  <sequence>76</sequence>
  <level>START</level>
  <class>com.kms.katalon.core.logging.XmlKeywordLogger</class>
  <method>startKeyword</method>
  <thread>1</thread>
  <message>Start action : verifyElementExist(findTestObject(\&amp;quot;AgreeFA/Beranda/Beranda_Text\&amp;quot;), 0)</message>
  <nestedLevel>1</nestedLevel>
  <property name="startLine">37</property>
  <property name="stepIndex">10</property>
</record>
<record>
  <date>2021-09-07T13:29:20</date>
  <millis>1630996160565</millis>
  <sequence>80</sequence>
  <level>WARNING</level>
  <class>com.kms.katalon.core.logging.XmlKeywordLogger</class>
  <method>logMessage</method>
  <thread>1</thread>
  <message>Timeout &amp;apos;0&amp;apos; is invalid. Using default page load timeout: &amp;apos;30&amp;apos;</message>
  <nestedLevel>1</nestedLevel>
</record>
<record>
  <date>2021-09-07T13:29:24</date>
  <millis>1630996164022</millis>
  <sequence>81</sequence>
  <level>PASSED</level>
  <class>com.kms.katalon.core.logging.XmlKeywordLogger</class>
  <method>logMessage</method>
  <thread>1</thread>
  <message>Element &amp;apos;Object Repository/AgreeFA/Beranda/Beranda_Text&amp;apos; is exist</message>
  <nestedLevel>1</nestedLevel>
</record>
<record>
  <date>2021-09-07T13:29:24</date>
  <millis>1630996164023</millis>
  <sequence>82</sequence>
  <level>END</level>
  <class>com.kms.katalon.core.logging.XmlKeywordLogger</class>
  <method>endKeyword</method>
  <thread>1</thread>
  <message>End action : verifyElementExist(findTestObject(\&amp;quot;AgreeFA/Beranda/Beranda_Text\&amp;quot;), 0)</message>
  <nestedLevel>1</nestedLevel>
</record>
<record>
  <date>2021-09-07T13:29:24</date>
  <millis>1630996164023</millis>
  <sequence>83</sequence>
  <level>PASSED</level>
  <class>com.kms.katalon.core.logging.XmlKeywordLogger</class>
  <method>logMessage</method>
  <thread>1</thread>
  <message>Test Cases/AgreeFA/Login/Login_Positive</message>
  <nestedLevel>1</nestedLevel>
</record>
<record>
  <date>2021-09-07T13:29:24</date>
  <millis>1630996164023</millis>
  <sequence>84</sequence>
  <level>END</level>
  <class>com.kms.katalon.core.logging.XmlKeywordLogger</class>
  <method>endTest</method>
  <thread>1</thread>
  <message>End Test Case : Test Cases/AgreeFA/Login/Login_Positive</message>
  <nestedLevel>0</nestedLevel>
</record>
<record>
  <date>2021-09-07T13:29:24</date>
  <millis>1630996164032</millis>
  <sequence>85</sequence>
  <level>START</level>
  <class>com.kms.katalon.core.logging.XmlKeywordLogger</class>
  <method>startKeyword</method>
  <thread>1</thread>
  <message>Start listener action : exportKatalonReports</message>
  <nestedLevel>0</nestedLevel>
</record>
<record>
  <date>2021-09-07T13:29:24</date>
  <millis>1630996164032</millis>
  <sequence>87</sequence>
  <level>INFO</level>
  <class>com.kms.katalon.core.logging.XmlKeywordLogger</class>
  <method>logMessage</method>
  <thread>1</thread>
  <message>This Katalon Studio version has been deprecated. Please upgrade Katalon Studio to the latest version.</message>
  <nestedLevel>0</nestedLevel>
</record>
</log><record>
  <date>2021-09-07T13:29:24</date>
  <millis>1630996164214</millis>
  <sequence>208</sequence>
  <level>INFO</level>
  <class>com.kms.katalon.core.logging.XmlKeywordLogger</class>
  <method>logMessage</method>
  <thread>1</thread>
  <message>Start generating HTML report folder at: /Users/deavag/Desktop/AgreeMitra/Reports/20210907_132852/Coba/20210907_132852...</message>
  <nestedLevel>0</nestedLevel>
</record>
<record>
  <date>2021-09-07T13:29:24</date>
  <millis>1630996164233</millis>
  <sequence>209</sequence>
  <level>INFO</level>
  <class>com.kms.katalon.core.logging.XmlKeywordLogger</class>
  <method>logMessage</method>
  <thread>1</thread>
  <message>HTML report generated</message>
  <nestedLevel>0</nestedLevel>
</record>
<record>
  <date>2021-09-07T13:29:24</date>
  <millis>1630996164234</millis>
  <sequence>210</sequence>
  <level>INFO</level>
  <class>com.kms.katalon.core.logging.XmlKeywordLogger</class>
  <method>logMessage</method>
  <thread>1</thread>
  <message>Start generating CSV report folder at: /Users/deavag/Desktop/AgreeMitra/Reports/20210907_132852/Coba/20210907_132852...</message>
  <nestedLevel>0</nestedLevel>
</record>
<record>
  <date>2021-09-07T13:29:24</date>
  <millis>1630996164250</millis>
  <sequence>211</sequence>
  <level>INFO</level>
  <class>com.kms.katalon.core.logging.XmlKeywordLogger</class>
  <method>logMessage</method>
  <thread>1</thread>
  <message>CSV report generated</message>
  <nestedLevel>0</nestedLevel>
</record>
<record>
  <date>2021-09-07T13:29:24</date>
  <millis>1630996164250</millis>
  <sequence>212</sequence>
  <level>INFO</level>
  <class>com.kms.katalon.core.logging.XmlKeywordLogger</class>
  <method>logMessage</method>
  <thread>1</thread>
  <message>Start generating JUnit report folder at: /Users/deavag/Desktop/AgreeMitra/Reports/20210907_132852/Coba/20210907_132852...</message>
  <nestedLevel>0</nestedLevel>
</record>
<record>
  <date>2021-09-07T13:29:24</date>
  <millis>1630996164398</millis>
  <sequence>213</sequence>
  <level>INFO</level>
  <class>com.kms.katalon.core.logging.XmlKeywordLogger</class>
  <method>logMessage</method>
  <thread>1</thread>
  <message>JUnit report generated</message>
  <nestedLevel>0</nestedLevel>
</record>
<record>
  <date>2021-09-07T13:29:24</date>
  <millis>1630996164398</millis>
  <sequence>214</sequence>
  <level>INFO</level>
  <class>com.kms.katalon.core.logging.XmlKeywordLogger</class>
  <method>logMessage</method>
  <thread>1</thread>
  <message>Start generating PDF report folder at: /Users/deavag/Desktop/AgreeMitra/Reports/20210907_132852/Coba/20210907_132852...</message>
  <nestedLevel>0</nestedLevel>
</record>
</log>
